2025-10-29T08:32:06.221351 | CHUNKED | orthodoxy.xml → 224 chunks → ORTHODOX_CHESTE_chunks.jsonl
2025-10-29T09:16:15.911034 | ANNOTATED | ORTHODOX_CHESTE_chunks.jsonl → 224 chunks → ORTHODOX_CHESTE_annotated.jsonl
2025-10-29T09:50:22.890685 | ANNOTATED | ORTHODOX_CHESTE_chunks.jsonl → 224 chunks → ORTHODOX_CHESTE_annotated.jsonl
2025-10-29T11:12:39.078816 | ANNOTATED | ORTHODOX_CHESTE_chunks.jsonl → 224 chunks → ORTHODOX_CHESTE_annotated.jsonl
2025-10-29T11:34:34.654502 | COMPLETE | ORTHODOX_CHESTE_annotated.jsonl → 224 chunks → ORTHODOX_CHESTE_complete.jsonl
2025-10-29T11:37:24.169063 | DEPLOYED | ORTHODOX_CHESTE_complete.jsonl → 0 chunks → ORTHODOX_CHESTE_complete.jsonl
2025-10-30T15:57:29.794741 | CHUNKED | confessions.xml → 534 chunks → THECONFE_D_chunks.jsonl
2025-10-30T16:03:09.747220 | CHUNKED | confessions.xml → 534 chunks → THECONFE_AUGUST_chunks.jsonl
2025-10-30T19:26:46.491621 | CHUNKED | confessions.xml → 573 chunks → THECONFE_AUGUST_chunks.jsonl
2025-10-30T19:34:20.331840 | CHUNKED | confessions.xml → 536 chunks → THECONFE_AUGUST_chunks.jsonl
2025-10-30T20:44:28.655873 | ANNOTATED | THECONFE_AUGUST_chunks.jsonl → 536 chunks → THECONFE_AUGUST_annotated.jsonl
2025-10-30T21:00:51.486704 | COMPLETE | THECONFE_AUGUST_annotated.jsonl → 536 chunks → THECONFE_AUGUST_complete.jsonl
2025-10-31T11:29:49.194417 | DEPLOYED | THECONFE_AUGUST_complete.jsonl → 0 chunks → THECONFE_AUGUST_complete.jsonl
2025-11-02T16:50:58.840839 | ANNOTATED | THE_ABOLITION_OF_MAN_chunks.jsonl → 84 chunks → THE_ABOLITION_OF_MAN_annotated.jsonl
2025-11-02T16:55:19.968735 | COMPLETE | THE_ABOLITION_OF_MAN_annotated.jsonl → 84 chunks → THE_ABOLITION_OF_MAN_complete.jsonl
2025-11-02T16:57:01.662162 | DEPLOYED | THE_ABOLITION_OF_MAN_complete.jsonl → 0 chunks → THE_ABOLITION_OF_MAN_complete.jsonl
2025-11-05T15:12:19.368697 | ANNOTATED | MERE_CHRISTIANITY___C__S__LEWIS_chunks.jsonl → 266 chunks → MERE_CHRISTIANITY___C__S__LEWIS_annotated.jsonl
2025-11-05T15:48:01.974076 | COMPLETE | MERE_CHRISTIANITY___C__S__LEWIS_annotated.jsonl → 266 chunks → MERE_CHRISTIANITY___C__S__LEWIS_complete.jsonl
2025-11-05T15:49:02.511368 | DEPLOYED | MERE_CHRISTIANITY___C__S__LEWIS_complete.jsonl → 0 chunks → MERE_CHRISTIANITY___C__S__LEWIS_complete.jsonl
2025-11-06T15:39:12.423484 | ANNOTATED | DO_WE_HAVE_A_FREE_WILL_chunks.jsonl → 8 chunks → DO_WE_HAVE_A_FREE_WILL_annotated.jsonl
2025-11-06T15:46:34.455670 | ANNOTATED | DO_WE_HAVE_A_FREE_WILL_chunks.jsonl → 8 chunks → DO_WE_HAVE_A_FREE_WILL_annotated.jsonl
2025-11-06T15:49:41.078350 | COMPLETE | DO_WE_HAVE_A_FREE_WILL_annotated.jsonl → 8 chunks → DO_WE_HAVE_A_FREE_WILL_complete.jsonl
2025-11-06T15:50:27.706661 | DEPLOYED | DO_WE_HAVE_A_FREE_WILL_complete.jsonl → 0 chunks → DO_WE_HAVE_A_FREE_WILL_complete.jsonl
2025-11-10T22:24:11.382951 | ANNOTATED | THE_PLATONIC_TRADITION___PETER_KREEFT_chunks.jsonl → 200 chunks → THE_PLATONIC_TRADITION___PETER_KREEFT_annotated.jsonl
2025-11-10T22:26:58.248552 | COMPLETE | THE_PLATONIC_TRADITION___PETER_KREEFT_annotated.jsonl → 200 chunks → THE_PLATONIC_TRADITION___PETER_KREEFT_complete.jsonl
2025-11-10T22:27:19.587723 | DEPLOYED | THE_PLATONIC_TRADITION___PETER_KREEFT_complete.jsonl → 0 chunks → THE_PLATONIC_TRADITION___PETER_KREEFT_complete.jsonl
2025-11-11T20:00:25.768196 | ANNOTATED | HERETICS_chunks.jsonl → 258 chunks → HERETICS_annotated.jsonl
2025-11-11T21:18:52.840889 | COMPLETE | HERETICS_annotated.jsonl → 258 chunks → HERETICS_complete.jsonl
2025-11-12T05:53:19.268423 | DEPLOYED | HERETICS_complete.jsonl → 0 chunks → HERETICS_complete.jsonl
2025-11-12T15:11:53.121444 | ANNOTATED | CHRIST_AND_CULTURE_REVISITED_chunks.jsonl → 395 chunks → CHRIST_AND_CULTURE_REVISITED_annotated.jsonl
2025-11-12T15:47:08.026459 | COMPLETE | CHRIST_AND_CULTURE_REVISITED_annotated.jsonl → 395 chunks → CHRIST_AND_CULTURE_REVISITED_complete.jsonl
2025-11-12T17:18:47.782408 | DEPLOYED | CHRIST_AND_CULTURE_REVISITED_complete.jsonl → 0 chunks → CHRIST_AND_CULTURE_REVISITED_complete.jsonl
2025-11-13T14:58:11.594155 | ANNOTATED | THE_PEACABLE_KINGDOM_chunks.jsonl → 324 chunks → THE_PEACABLE_KINGDOM_annotated.jsonl
2025-11-13T15:03:45.781016 | COMPLETE | THE_PEACABLE_KINGDOM_annotated.jsonl → 324 chunks → THE_PEACABLE_KINGDOM_complete.jsonl
2025-11-13T15:12:14.633011 | DEPLOYED | THE_PEACABLE_KINGDOM_complete.jsonl → 0 chunks → THE_PEACABLE_KINGDOM_complete.jsonl
